DEBUG:logger:-------------------2021-07-25 12:49:42-------------------
DEBUG:logger:{
    "ColumnNames": [
        "f1",
        "f2",
        "f3",
        "f4",
        "f5",
        "f6",
        "f7",
        "f8",
        "f9",
        "f10"
    ],
    "DelimitedEncoding": "utf-8",
    "FixedWidthEncoding": "utf-8",
    "IncludeHeader": "True",
    "Offsets": [
        "5",
        "12",
        "3",
        "2",
        "13",
        "7",
        "10",
        "13",
        "20",
        "13"
    ]
}
DEBUG:root:Column names: ['f1', 'f2', 'f3', 'f4', 'f5', 'f6', 'f7', 'f8', 'f9', 'f10']
DEBUG:root:Delimiter encoding: utf-8
DEBUG:root:Fixed encoding: utf-8
DEBUG:root:Header: True
DEBUG:root:Offsets: ['5', '12', '3', '2', '13', '7', '10', '13', '20', '13']
DEBUG:root:Offsets: 
DEBUG:root:['hello', 'abbreviation', 'cat', 'of', 'Administrator', 'Academy', 'AFTERTIMES', 'Revolutionary', 'Compartmentalization', 'Insignificant']
DEBUG:root:['super', 'StreetFghter', 'EX+', 'no', 'ThirdStrikers', 'Alpha--', 'PlayLIST!!', 'UnknownSoldat', 'NowPlayingMyMusic!!!', 'WindowsVsUnix']
DEBUG:logger:-------------------2021-07-25 17:09:59-------------------
DEBUG:logger:{
    "ColumnNames": [
        "f1",
        "f2",
        "f3",
        "f4",
        "f5",
        "f6",
        "f7",
        "f8",
        "f9",
        "f10"
    ],
    "DelimitedEncoding": "utf-8",
    "FixedWidthEncoding": "utf-8",
    "IncludeHeader": "True",
    "Offsets": [
        "5",
        "12",
        "3",
        "2",
        "13",
        "7",
        "10",
        "13",
        "20",
        "13"
    ]
}
DEBUG:root:Column names: ['f1', 'f2', 'f3', 'f4', 'f5', 'f6', 'f7', 'f8', 'f9', 'f10']
DEBUG:root:Delimiter encoding: utf-8
DEBUG:root:Fixed encoding: utf-8
DEBUG:root:Header: True
DEBUG:root:Offsets: ['5', '12', '3', '2', '13', '7', '10', '13', '20', '13']
DEBUG:root:Offsets: 
ERROR:root:File error: [Errno 2] No such file or directory: 'input/test8.in'
DEBUG:logger:-------------------2021-07-25 17:10:09-------------------
DEBUG:logger:{
    "ColumnNames": [
        "f1",
        "f2",
        "f3",
        "f4",
        "f5",
        "f6",
        "f7",
        "f8",
        "f9",
        "f10"
    ],
    "DelimitedEncoding": "utf-8",
    "FixedWidthEncoding": "utf-8",
    "IncludeHeader": "True",
    "Offsets": [
        "5",
        "12",
        "3",
        "2",
        "13",
        "7",
        "10",
        "13",
        "20",
        "13"
    ]
}
DEBUG:root:Column names: ['f1', 'f2', 'f3', 'f4', 'f5', 'f6', 'f7', 'f8', 'f9', 'f10']
DEBUG:root:Delimiter encoding: utf-8
DEBUG:root:Fixed encoding: utf-8
DEBUG:root:Header: True
DEBUG:root:Offsets: ['5', '12', '3', '2', '13', '7', '10', '13', '20', '13']
DEBUG:root:Offsets: 
ERROR:root:File error: [Errno 2] No such file or directory: '.\\input\\test8.in'
DEBUG:logger:-------------------2021-07-25 17:10:42-------------------
DEBUG:logger:{
    "ColumnNames": [
        "f1",
        "f2",
        "f3",
        "f4",
        "f5",
        "f6",
        "f7",
        "f8",
        "f9",
        "f10"
    ],
    "DelimitedEncoding": "utf-8",
    "FixedWidthEncoding": "utf-8",
    "IncludeHeader": "True",
    "Offsets": [
        "5",
        "12",
        "3",
        "2",
        "13",
        "7",
        "10",
        "13",
        "20",
        "13"
    ]
}
DEBUG:root:Column names: ['f1', 'f2', 'f3', 'f4', 'f5', 'f6', 'f7', 'f8', 'f9', 'f10']
DEBUG:root:Delimiter encoding: utf-8
DEBUG:root:Fixed encoding: utf-8
DEBUG:root:Header: True
DEBUG:root:Offsets: ['5', '12', '3', '2', '13', '7', '10', '13', '20', '13']
DEBUG:root:Offsets: 
